<?xml version="1.0" encoding="UTF-8"?>
<!-- Generated by org.testng.reporters.JUnitXMLReporter -->
<testsuite hostname="WINSM185218-69T" ignored="0" tests="5" failures="0" timestamp="25 Jul 2019 02:17:33 GMT" time="0.12" errors="0">
  <testcase name="testCase1" time="0.016" classname="Groupsample"/>
  <testcase name="testCase2" time="0.004" classname="Groupsample"/>
  <testcase name="testCase3" time="0.004" classname="Groupsample"/>
  <testcase name="testCase4" time="0.016" classname="Groupsample"/>
  <testcase name="testCase5" time="0.004" classname="Groupsample"/>
</testsuite>
